[debug] [2020-06-04T11:47:25.215Z] ----------------------------------------------------------------------
[debug] [2020-06-04T11:47:25.229Z] Command:       C:\Program Files\nodejs\node.exe C:\Users\Mona-PC\AppData\Roaming\npm\node_modules\firebase-tools\lib\bin\firebase.js init
[debug] [2020-06-04T11:47:25.232Z] CLI Version:   8.4.1
[debug] [2020-06-04T11:47:25.233Z] Platform:      win32
[debug] [2020-06-04T11:47:25.233Z] Node Version:  v12.17.0
[debug] [2020-06-04T11:47:25.364Z] Time:          Thu Jun 04 2020 12:47:25 GMT+0100 (GMT+01:00)
[debug] [2020-06-04T11:47:25.365Z] ----------------------------------------------------------------------
[debug] [2020-06-04T11:47:25.366Z] 
[debug] [2020-06-04T11:47:25.523Z] > command requires scopes: ["email","openid","https://www.googleapis.com/auth/cloudplatformprojects.readonly","https://www.googleapis.com/auth/firebase","https://www.googleapis.com/auth/cloud-platform"]
[debug] [2020-06-04T11:47:25.524Z] > authorizing via signed-in user
[info] 
     ######## #### ########  ######## ########     ###     ######  ########
     ##        ##  ##     ## ##       ##     ##  ##   ##  ##       ##
     ######    ##  ########  ######   ########  #########  ######  ######
     ##        ##  ##    ##  ##       ##     ## ##     ##       ## ##
     ##       #### ##     ## ######## ########  ##     ##  ######  ########

You're about to initialize a Firebase project in this directory:

  C:\Users\Mona-PC\Desktop\shop

Before we get started, keep in mind:

  * You are initializing in an existing Firebase project directory

